<?xml version="1.0" encoding="UTF-8"?>
<testng-results ignored="0" total="1" passed="1" failed="0" skipped="0">
  <reporter-output>
  </reporter-output>
  <suite started-at="2025-10-30T00:03:19 IST" name="Default suite" finished-at="2025-10-30T00:04:06 IST" duration-ms="46891">
    <groups>
    </groups>
    <test started-at="2025-10-30T00:03:19 IST" name="Default test" finished-at="2025-10-30T00:04:06 IST" duration-ms="46891">
      <class name="calculatorapk.browserstackWikipediaTest">
        <test-method is-config="true" signature="setUp()[pri:0, instance:calculatorapk.browserstackWikipediaTest@7ce3cb8e]" started-at="2025-10-30T00:03:19 IST" name="setUp" finished-at="2025-10-30T00:03:36 IST" duration-ms="16362" status="PASS">
          <reporter-output>
          </reporter-output>
        </test-method> <!-- setUp -->
        <test-method signature="wikipediaSearchTest()[pri:0, instance:calculatorapk.browserstackWikipediaTest@7ce3cb8e]" started-at="2025-10-30T00:03:36 IST" name="wikipediaSearchTest" finished-at="2025-10-30T00:04:05 IST" duration-ms="28730" status="PASS">
          <reporter-output>
          </reporter-output>
        </test-method> <!-- wikipediaSearchTest -->
        <test-method is-config="true" signature="tearDown()[pri:0, instance:calculatorapk.browserstackWikipediaTest@7ce3cb8e]" started-at="2025-10-30T00:04:05 IST" name="tearDown" finished-at="2025-10-30T00:04:06 IST" duration-ms="1628" status="PASS">
          <reporter-output>
          </reporter-output>
        </test-method> <!-- tearDown -->
      </class> <!-- calculatorapk.browserstackWikipediaTest -->
    </test> <!-- Default test -->
  </suite> <!-- Default suite -->
</testng-results>
